<?xml version="1.0" encoding="UTF-8"?>
<testsuite xmlns:xsi="http://www.w3.org/2001/XMLSchema-instance" xsi:noNamespaceSchemaLocation="https://maven.apache.org/surefire/maven-surefire-plugin/xsd/surefire-test-report.xsd" name="org.example.linkedList.SingleLinkedListTest" time="0.007" tests="3" errors="0" skipped="0" failures="0">
  <properties>
[...]
</properties>
  <testcase name="removeAllDataTest" classname="org.example.linkedList.SingleLinkedListTest" time="0.003"/>
  <testcase name="removeDataTest" classname="org.example.linkedList.SingleLinkedListTest" time="0"/>
  <testcase name="addDataTest" classname="org.example.linkedList.SingleLinkedListTest" time="0.001"/>
</testsuite>